  0.9979169730223029E-01
  0.1009305114259177    
  0.1020880736486313    
  0.1032645637164979    
  0.1044601553807158    
  0.1056750208486372    
  0.1069093366638484    
  0.1081632787467866    
  0.1094370166379235    
  0.1107307180895021    
  0.1120445537762207    
  0.1133786921381226    
  0.1147332947745960    
  0.1161085211776615    
  0.1175045321954803    
  0.1189214846805721    
  0.1203595281244485    
  0.1218188095353730    
  0.1232994755646809    
  0.1248016669669494    
  0.1263255165849650    
  0.1278711543779993    
  0.1294387081070803    
  0.1310282976197623    
  0.1326400343211719    
  0.1342740263641591    
  0.1359303777746337    
  0.1376091825839137    
  0.1393105259568019    
  0.1410344895642361    
  0.1427811490143981    
  0.1445505678729834    
  0.1463428006679685    
  0.1481578984811786    
  0.1499959045364853    
  0.1518568481770803    
  0.1537407500353689    
  0.1556476279062047    
  0.1575774903325275    
  0.1595303306554465    
  0.1615061347360823    
  0.1635048872153398    
  0.1655265629322862    
  0.1675711212356445    
  0.1696385167835101    
  0.1717287063553913    
  0.1738416379362940    
  0.1759772455796665    
  0.1781354639933787    
  0.1803162361332761    
  0.1825194997532617    
  0.1847451832050505    
  0.1869932246937374    
  0.1892635808456196    
  0.1915562103030344    
  0.1938710707336258    
  0.1962081435185108    
  0.1985674428953954    
  0.2009489951076312    
  0.2033528356857179    
  0.2057790386512714    
  0.2082277228163606    
  0.2106990204062534    
  0.2131930676503218    
  0.2157100290287080    
  0.2182500841178134    
  0.2208133604082399    
  0.2233998836496986    
  0.2260095495026699    
  0.2286420178945949    
  0.2312965032781099    
  0.2339715355096186    
  0.2366646644457394    
  0.2393719461901585    
  0.2420871368084829    
  0.2448006242878403    
  0.2474979629570278    
  0.2501576871464266    
  0.2527482055027117    
  0.2552237351134066    
  0.2575191233442675    
  0.2595435250714581    
  0.2611738368499303    
  0.2622502322420028    
  0.2625776463657926    
  0.2619385599946136    
  0.2601222974755386    
  0.2569704419224451    
  0.2524261894893895    
  0.2465655686100662    
  0.2395920352165260    
  0.2317943833004366    
  0.2234875304141662    
  0.2149609834590060    
  0.2064491692933488    
  0.1981232967087642    
  0.1900968966713272    
  0.1824373186625111    
  0.1751781758231394    
  0.1683300262164222    
  0.1618884016625041    
  0.1558395608791500    
  0.1501645705946272    
  0.1448420009841624    
  0.1398495288026070    
  0.1351649361565443    
  0.1307668110610957    
  0.1266349289728750    
  0.1227503417610061    
  0.1190953980232554    
  0.1156537999149961    
  0.1124105777982358    
  0.1093519485230782    
  0.1064652065530565    
  0.1037386999785616    
  0.1011617659686389    
  0.9872458909665099E-01
  0.9641810646606586E-01
  0.9423399431559142E-01
  0.9216461980878184E-01
  0.9020292777348611E-01
  0.8834237290781692E-01
  0.8657692370706893E-01
  0.8490103184571154E-01
  0.8330954286913722E-01
  0.8179764913700943E-01
  0.8036090583692886E-01
  0.7899521244343402E-01
  0.7769674029970651E-01
  0.7646189959409602E-01
  0.7528736254441826E-01
  0.7417005239594593E-01
  0.7310708266293814E-01
  0.7209573346631921E-01
  0.7113347864342559E-01
  0.7021797933297395E-01
  0.6934703143178403E-01
  0.6851854828290301E-01
  0.6773058973288215E-01
  0.6698135848057808E-01
  0.6626915351255705E-01
  0.6559235721279379E-01
  0.6494946518513044E-01
  0.6433908424667659E-01
  0.6375989036820233E-01
  0.6321061895074494E-01
  0.6269009470981009E-01
  0.6219723062145743E-01
  0.6173098937332020E-01
  0.6129037597381382E-01
  0.6087446728088172E-01
  0.6048241146816746E-01
  0.6011339229747341E-01
  0.5976662349198009E-01
  0.5944137766397352E-01
  0.5913698602747113E-01
  0.5885280500158456E-01
  0.5858821195077658E-01
  0.5834263336991653E-01
  0.5811554466882231E-01
  0.5790643874877387E-01
  0.5771482282640016E-01
  0.5754024579788891E-01
  0.5738229798376252E-01
  0.5724058141193934E-01
  0.5711470751879982E-01
  0.5700432365333557E-01
  0.5690911271095918E-01
  0.5682876492066681E-01
  0.5676297627013398E-01
  0.5671147413441652E-01
  0.5667401675402234E-01
  0.5665036637000731E-01
  0.5664028825767493E-01
  0.5664357547886322E-01
  0.5666004817700166E-01
  0.5668952793818997E-01
  0.5673183734537095E-01
  0.5678682386177134E-01
  0.5685435892743113E-01
  0.5693431345024638E-01
  0.5702655781266271E-01
  0.5713098489865169E-01
  0.5724750898421992E-01
  0.5737604228249647E-01
  0.5751649535019236E-01
  0.5766879927289773E-01
  0.5783290434756727E-01
  0.5800875762160659E-01
  0.5819630365792805E-01
  0.5839550589410852E-01
  0.5860634511854410E-01
  0.5882879795617009E-01
  0.5906283795979465E-01
  0.5930845615819032E-01
  0.5956565932992501E-01
  0.5983444939852819E-01
  0.6011482482445400E-01
  0.6040680035571269E-01
  0.6071040510456363E-01
  0.6102566282306995E-01
  0.6135259357491493E-01
  0.6169123269983247E-01
  0.6204162869855062E-01
  0.6240382436612243E-01
  0.6277785872618438E-01
  0.6316378521733208E-01
  0.6356166939109377E-01
  0.6397157088551964E-01
  0.6439354560663180E-01
  0.6482766314116314E-01
  0.6527400427113236E-01
  0.6573264377428914E-01
  0.6620365283879125E-01
  0.6668711570259535E-01
  0.6718312698667132E-01
  0.6769177531242875E-01
  0.6821314593642994E-01
  0.6874733661243845E-01
  0.6929445474373326E-01
  0.6985460181098564E-01
  0.7042787621440240E-01
  0.7101438835021678E-01
  0.7161425758120776E-01
  0.7222759747197473E-01
  0.7285451882656988E-01
  0.7349514396719856E-01
  0.7414960352106109E-01
  0.7481802246382178E-01
  0.7550052334168041E-01
  0.7619723973626506E-01
  0.7690831286536953E-01
  0.7763387843973794E-01
  0.7837407005965245E-01
  0.7912903184635475E-01
  0.7989891485410158E-01
  0.8068386475025210E-01
  0.8148402537778349E-01
  0.8229955052989479E-01
  0.8313060017091160E-01
  0.8397732895498482E-01
  0.8483988994734526E-01
  0.8571844551483543E-01
  0.8661316335350568E-01
  0.8752420586708839E-01
  0.8845173404117557E-01
  0.8939591741799834E-01
  0.9035692992884974E-01
  0.9133494015980513E-01
  0.9233011537426609E-01
  0.9334263053526787E-01
  0.9437266394124952E-01
  0.9542038841350770E-01
  0.9648597546369522E-01
  0.9756960332099095E-01
  0.9867145237001718E-01
  0.9979169730223029E-01
  0.1009305114259177    
  0.1020880736486313    
  0.1032645637164979    
  0.1044601553807158    
  0.1056750208486372    
  0.1069093366638484    
  0.1081632787467866    
  0.1094370166379235    
  0.1107307180895021    
  0.1120445537762207    
  0.1133786921381226    
  0.1147332947745960    
  0.1161085211776615    
  0.1175045321954803    
  0.1189214846805721    
  0.1203595281244485    
  0.1218188095353730    
  0.1232994755646809    
  0.1248016669669494    
  0.1263255165849650    
  0.1278711543779993    
  0.1294387081070803    
  0.1310282976197623    
  0.1326400343211719    
  0.1342740263641591    
  0.1359303777746337    
  0.1376091825839137    
  0.1393105259568019    
  0.1410344895642361    
  0.1427811490143981    
  0.1445505678729834    
  0.1463428006679685    
  0.1481578984811786    
  0.1499959045364853    
  0.1518568481770803    
  0.1537407500353689    
  0.1556476279062047    
  0.1575774903325275    
  0.1595303306554465    
  0.1615061347360823    
  0.1635048872153398    
  0.1655265629322862    
  0.1675711212356445    
  0.1696385167835101    
  0.1717287063553913    
  0.1738416379362940    
  0.1759772455796665    
  0.1781354639933787    
  0.1803162361332761    
  0.1825194997532617    
  0.1847451832050505    
  0.1869932246937374    
  0.1892635808456196    
  0.1915562103030344    
  0.1938710707336258    
  0.1962081435185108    
  0.1985674428953954    
  0.2009489951076312    
  0.2033528356857179    
  0.2057790386512714    
  0.2082277228163606    
  0.2106990204062534    
  0.2131930676503218    
  0.2157100290287080    
  0.2182500841178134    
  0.2208133604082399    
  0.2233998836496986    
  0.2260095495026699    
  0.2286420178945949    
  0.2312965032781099    
  0.2339715355096186    
  0.2366646644457394    
  0.2393719461901585    
  0.2420871368084829    
  0.2448006242878403    
  0.2474979629570278    
  0.2501576871464266    
  0.2527482055027117    
  0.2552237351134066    
  0.2575191233442675    
  0.2595435250714581    
  0.2611738368499303    
  0.2622502322420028    
  0.2625776463657926    
  0.2619385599946136    
  0.2601222974755386    
  0.2569704419224451    
  0.2524261894893895    
  0.2465655686100662    
  0.2395920352165260    
  0.2317943833004366    
  0.2234875304141662    
  0.2149609834590060    
  0.2064491692933488    
  0.1981232967087642    
  0.1900968966713272    
  0.1824373186625111    
  0.1751781758231394    
  0.1683300262164222    
  0.1618884016625041    
  0.1558395608791500    
  0.1501645705946272    
  0.1448420009841624    
  0.1398495288026070    
  0.1351649361565443    
  0.1307668110610957    
  0.1266349289728750    
  0.1227503417610061    
  0.1190953980232554    
  0.1156537999149961    
  0.1124105777982358    
  0.1093519485230782    
  0.1064652065530565    
  0.1037386999785616    
  0.1011617659686389    
  0.9872458909665099E-01
  0.9641810646606586E-01
  0.9423399431559142E-01
  0.9216461980878184E-01
  0.9020292777348611E-01
  0.8834237290781692E-01
  0.8657692370706893E-01
  0.8490103184571154E-01
  0.8330954286913722E-01
  0.8179764913700943E-01
  0.8036090583692886E-01
  0.7899521244343402E-01
  0.7769674029970651E-01
  0.7646189959409602E-01
  0.7528736254441826E-01
  0.7417005239594593E-01
  0.7310708266293814E-01
  0.7209573346631921E-01
  0.7113347864342559E-01
  0.7021797933297395E-01
  0.6934703143178403E-01
  0.6851854828290301E-01
  0.6773058973288215E-01
  0.6698135848057808E-01
  0.6626915351255705E-01
  0.6559235721279379E-01
  0.6494946518513044E-01
  0.6433908424667659E-01
  0.6375989036820233E-01
  0.6321061895074494E-01
  0.6269009470981009E-01
  0.6219723062145743E-01
  0.6173098937332020E-01
  0.6129037597381382E-01
  0.6087446728088172E-01
  0.6048241146816746E-01
  0.6011339229747341E-01
  0.5976662349198009E-01
  0.5944137766397352E-01
  0.5913698602747113E-01
  0.5885280500158456E-01
  0.5858821195077658E-01
  0.5834263336991653E-01
  0.5811554466882231E-01
  0.5790643874877387E-01
  0.5771482282640016E-01
  0.5754024579788891E-01
  0.5738229798376252E-01
  0.5724058141193934E-01
  0.5711470751879982E-01
  0.5700432365333557E-01
  0.5690911271095918E-01
  0.5682876492066681E-01
  0.5676297627013398E-01
  0.5671147413441652E-01
  0.5667401675402234E-01
  0.5665036637000731E-01
  0.5664028825767493E-01
  0.5664357547886322E-01
  0.5666004817700166E-01
  0.5668952793818997E-01
  0.5673183734537095E-01
  0.5678682386177134E-01
  0.5685435892743113E-01
  0.5693431345024638E-01
  0.5702655781266271E-01
  0.5713098489865169E-01
  0.5724750898421992E-01
  0.5737604228249647E-01
  0.5751649535019236E-01
  0.5766879927289773E-01
  0.5783290434756727E-01
  0.5800875762160659E-01
  0.5819630365792805E-01
  0.5839550589410852E-01
  0.5860634511854410E-01
  0.5882879795617009E-01
  0.5906283795979465E-01
  0.5930845615819032E-01
  0.5956565932992501E-01
  0.5983444939852819E-01
  0.6011482482445400E-01
  0.6040680035571269E-01
  0.6071040510456363E-01
  0.6102566282306995E-01
  0.6135259357491493E-01
  0.6169123269983247E-01
  0.6204162869855062E-01
  0.6240382436612243E-01
  0.6277785872618438E-01
  0.6316378521733208E-01
  0.6356166939109377E-01
  0.6397157088551964E-01
  0.6439354560663180E-01
  0.6482766314116314E-01
  0.6527400427113236E-01
  0.6573264377428914E-01
  0.6620365283879125E-01
  0.6668711570259535E-01
  0.6718312698667132E-01
  0.6769177531242875E-01
  0.6821314593642994E-01
  0.6874733661243845E-01
  0.6929445474373326E-01
  0.6985460181098564E-01
  0.7042787621440240E-01
  0.7101438835021678E-01
  0.7161425758120776E-01
  0.7222759747197473E-01
  0.7285451882656988E-01
  0.7349514396719856E-01
  0.7414960352106109E-01
  0.7481802246382178E-01
  0.7550052334168041E-01
  0.7619723973626506E-01
  0.7690831286536953E-01
  0.7763387843973794E-01
  0.7837407005965245E-01
  0.7912903184635475E-01
  0.7989891485410158E-01
  0.8068386475025210E-01
  0.8148402537778349E-01
  0.8229955052989479E-01
  0.8313060017091160E-01
  0.8397732895498482E-01
  0.8483988994734526E-01
  0.8571844551483543E-01
  0.8661316335350568E-01
  0.8752420586708839E-01
  0.8845173404117557E-01
  0.8939591741799834E-01
  0.9035692992884974E-01
  0.9133494015980513E-01
  0.9233011537426609E-01
  0.9334263053526787E-01
  0.9437266394124952E-01
  0.9542038841350770E-01
  0.9648597546369522E-01
  0.9756960332099095E-01
  0.9867145237001718E-01
