   63.00713126849605    
   63.57557728404966    
   64.15487774068561    
   64.75672220391395    
   65.37731415294699    
   66.00627866509294    
   66.64916797579811    
   67.31835497954361    
   68.00997138993802    
   68.71323109452527    
   69.43409902504084    
   70.18575453715688    
   70.96428525749292    
   71.75845911855976    
   72.57472873420899    
   73.42723063649537    
   74.31204931757050    
   75.21747430895067    
   76.15054185652177    
   77.12653275807440    
   78.14158832029045    
   79.18349250296984    
   80.25998971347174    
   81.38774050029637    
   82.56302994182900    
   83.77311888851277    
   85.02662351660662    
   86.34188441384811    
   87.71545552447729    
   89.13407282850247    
   90.60744115369836    
   92.15596827404181    
   93.77665501076304    
   95.45573409835094    
   97.20428717957584    
   99.04529142749338    
   100.9764430031293    
   102.9835229565530    
   105.0793686717044    
   107.2901758463173    
   109.6146692594485    
   112.0382551519608    
   114.5760055560411    
   117.2581520005622    
   120.0848548602239    
   123.0411993823958    
   126.1450298219937    
   129.4315582747717    
   132.9027505558922    
   136.5432061764975    
   140.3739141865828    
   144.4358651759232    
   148.7327141636357    
   153.2475225950484    
   158.0037987261216    
   163.0478884255292    
   168.3829664006587    
   173.9864074564829    
   179.8797487234356    
   186.1092503209993    
   192.6680441279669    
   199.5131700970127    
   206.6459591891216    
   214.0887653782074    
   221.7890738003705    
   229.6325585777258    
   237.5330454028469    
   245.3981419420791    
   252.9999060601220    
   259.9700247911928    
   265.8865296072324    
   270.2008515803534    
   272.0287192327071    
   270.0764400883548    
   262.6669904725730    
   247.5395182671414    
   221.4400296861332    
   179.8716462120684    
   117.0089992438822    
   25.42858500163829    
  -104.1379309949372    
  -282.1533569760122    
  -518.1650807184557    
  -817.1501839975002    
  -1173.952852993106    
  -1566.259827405487    
  -1950.255597561083    
  -2266.060400852166    
  -2455.820479844891    
  -2486.609567488326    
  -2363.608783733204    
  -2124.915561749506    
  -1822.926398999608    
  -1505.327454859299    
  -1205.088743337677    
  -939.8220266113210    
  -715.7026625252452    
  -531.9089989518230    
  -384.1107930460992    
  -266.8070878659864    
  -174.5754643996229    
  -102.5489120770628    
  -46.57258971902123    
  -3.262262038321671    
   30.05021969000378    
   55.46549653837108    
   74.65592243804737    
   88.94857301833650    
   99.38293814952705    
   106.7680245943082    
   111.7379236624532    
   114.8001668021581    
   116.3639907223296    
   116.7458659655911    
   116.1819404787925    
   114.8647990351440    
   112.9681877262865    
   110.6319733637596    
   107.9487291572781    
   104.9909027232431    
   101.8381258748983    
   98.55919204426027    
   95.18809087150112    
   91.74524029557287    
   88.26749366221874    
   84.79251393225290    
   81.33086168277379    
   77.88213660393936    
   74.46499900837944    
   71.10403274994792    
   67.80085155152179    
   64.54661471259419    
   61.35119624132295    
   58.23237974329550    
   55.18762380296568    
   52.20423399223223    
   49.28736083328359    
   46.45101727150868    
   43.69100841780653    
   40.99342047718392    
   38.36122144338799    
   35.80655111954764    
   33.32491229060599    
   30.90244270750497    
   28.54112261841410    
   26.25198970291088    
   24.03060788429494    
   21.86350260541961    
   19.75209230334996    
   17.70658981454486    
   15.72268677209428    
   13.78740881263540    
   11.90188820882986    
   10.07575314501297    
   8.304910148246474    
   6.576985044807460    
   4.893048391839015    
   3.262339640734979    
   1.681024057117861    
  0.1373433657107865    
  -1.367587827656075    
  -2.824829067960780    
  -4.237993941065051    
  -5.618291135571099    
  -6.964540073954207    
  -8.268065517935408    
  -9.532317898692728    
  -10.76803214454084    
  -11.97394973355315    
  -13.14162180438617    
  -14.27436922530009    
  -15.38250560191264    
  -16.46467197861830    
  -17.51259791010438    
  -18.52949369996200    
  -19.52529644398532    
  -20.49853147506477    
  -21.44106989974835    
  -22.35603642915445    
  -23.25304438775654    
  -24.13050373819272    
  -24.98040490893671    
  -25.80581779858560    
  -26.61608725379386    
  -27.40951351922908    
  -28.17818691213655    
  -28.92514815446798    
  -29.65952100569787    
  -30.37949705885564    
  -31.07724269165889    
  -31.75578673889624    
  -32.42407089896518    
  -33.08017566475717    
  -33.71631843995810    
  -34.33553068130855    
  -34.94660897353776    
  -35.54752215877414    
  -36.13051714802711    
  -36.69864414207520    
  -37.26059252136926    
  -37.81422155920542    
  -38.35178877972115    
  -38.87637938612636    
  -39.39661220274033    
  -39.91023834098446    
  -40.40950616033373    
  -40.89754964417871    
  -41.38295058069172    
  -41.86335102746800    
  -42.33096865369004    
  -42.78899815314814    
  -43.24601635251489    
  -43.69955486166850    
  -44.14177928470687    
  -44.57595747231745    
  -45.01069420594590    
  -45.44341011316663    
  -45.86619812377702    
  -46.28241273203187    
  -46.70072062805887    
  -47.11843101456097    
  -47.52754293052980    
  -47.93151096314572    
  -48.33909792981001    
  -48.74750026749501    
  -49.14860042988090    
  -49.54596655457514    
  -49.94849282508476    
  -50.35326131074662    
  -50.75201431203915    
  -51.14844822085804    
  -51.55162639471146    
  -51.95851556701724    
  -52.36069375103710    
  -52.76200205951392    
  -53.17171393345218    
  -53.58668013320220    
  -53.99828886728436    
  -54.41054399628064    
  -54.83297339549519    
  -55.26231145179221    
  -55.68972937966242    
  -56.11941403648326    
  -56.56119689186983    
  -57.01169654834099    
  -57.46183860445382    
  -57.91601638534476    
  -58.38442047293655    
  -58.86355591134608    
  -59.34407254716223    
  -59.83059759012144    
  -60.33374394175215    
  -60.84990727211186    
  -61.36942971121659    
  -61.89720476581662    
  -62.44434074536266    
  -63.00713126849605    
  -63.57557728404966    
  -64.15487774068561    
  -64.75672220391395    
  -65.37731415294699    
  -66.00627866509294    
  -66.64916797579811    
  -67.31835497954361    
  -68.00997138993802    
  -68.71323109452527    
  -69.43409902504084    
  -70.18575453715688    
  -70.96428525749292    
  -71.75845911855976    
  -72.57472873420899    
  -73.42723063649537    
  -74.31204931757050    
  -75.21747430895067    
  -76.15054185652177    
  -77.12653275807440    
  -78.14158832029045    
  -79.18349250296984    
  -80.25998971347174    
  -81.38774050029637    
  -82.56302994182900    
  -83.77311888851277    
  -85.02662351660662    
  -86.34188441384811    
  -87.71545552447729    
  -89.13407282850247    
  -90.60744115369836    
  -92.15596827404181    
  -93.77665501076304    
  -95.45573409835094    
  -97.20428717957584    
  -99.04529142749338    
  -100.9764430031293    
  -102.9835229565530    
  -105.0793686717044    
  -107.2901758463173    
  -109.6146692594485    
  -112.0382551519608    
  -114.5760055560411    
  -117.2581520005622    
  -120.0848548602239    
  -123.0411993823958    
  -126.1450298219937    
  -129.4315582747717    
  -132.9027505558922    
  -136.5432061764975    
  -140.3739141865828    
  -144.4358651759232    
  -148.7327141636357    
  -153.2475225950484    
  -158.0037987261216    
  -163.0478884255292    
  -168.3829664006587    
  -173.9864074564829    
  -179.8797487234356    
  -186.1092503209993    
  -192.6680441279669    
  -199.5131700970127    
  -206.6459591891216    
  -214.0887653782074    
  -221.7890738003705    
  -229.6325585777258    
  -237.5330454028469    
  -245.3981419420791    
  -252.9999060601220    
  -259.9700247911928    
  -265.8865296072324    
  -270.2008515803534    
  -272.0287192327071    
  -270.0764400883548    
  -262.6669904725730    
  -247.5395182671414    
  -221.4400296861332    
  -179.8716462120684    
  -117.0089992438822    
  -25.42858500163829    
   104.1379309949372    
   282.1533569760122    
   518.1650807184557    
   817.1501839975002    
   1173.952852993106    
   1566.259827405487    
   1950.255597561083    
   2266.060400852166    
   2455.820479844891    
   2486.609567488326    
   2363.608783733204    
   2124.915561749506    
   1822.926398999608    
   1505.327454859299    
   1205.088743337677    
   939.8220266113210    
   715.7026625252452    
   531.9089989518230    
   384.1107930460992    
   266.8070878659864    
   174.5754643996229    
   102.5489120770628    
   46.57258971902123    
   3.262262038321671    
  -30.05021969000378    
  -55.46549653837108    
  -74.65592243804737    
  -88.94857301833650    
  -99.38293814952705    
  -106.7680245943082    
  -111.7379236624532    
  -114.8001668021581    
  -116.3639907223296    
  -116.7458659655911    
  -116.1819404787925    
  -114.8647990351440    
  -112.9681877262865    
  -110.6319733637596    
  -107.9487291572781    
  -104.9909027232431    
  -101.8381258748983    
  -98.55919204426027    
  -95.18809087150112    
  -91.74524029557287    
  -88.26749366221874    
  -84.79251393225290    
  -81.33086168277379    
  -77.88213660393936    
  -74.46499900837944    
  -71.10403274994792    
  -67.80085155152179    
  -64.54661471259419    
  -61.35119624132295    
  -58.23237974329550    
  -55.18762380296568    
  -52.20423399223223    
  -49.28736083328359    
  -46.45101727150868    
  -43.69100841780653    
  -40.99342047718392    
  -38.36122144338799    
  -35.80655111954764    
  -33.32491229060599    
  -30.90244270750497    
  -28.54112261841410    
  -26.25198970291088    
  -24.03060788429494    
  -21.86350260541961    
  -19.75209230334996    
  -17.70658981454486    
  -15.72268677209428    
  -13.78740881263540    
  -11.90188820882986    
  -10.07575314501297    
  -8.304910148246474    
  -6.576985044807460    
  -4.893048391839015    
  -3.262339640734979    
  -1.681024057117861    
 -0.1373433657107865    
   1.367587827656075    
   2.824829067960780    
   4.237993941065051    
   5.618291135571099    
   6.964540073954207    
   8.268065517935408    
   9.532317898692728    
   10.76803214454084    
   11.97394973355315    
   13.14162180438617    
   14.27436922530009    
   15.38250560191264    
   16.46467197861830    
   17.51259791010438    
   18.52949369996200    
   19.52529644398532    
   20.49853147506477    
   21.44106989974835    
   22.35603642915445    
   23.25304438775654    
   24.13050373819272    
   24.98040490893671    
   25.80581779858560    
   26.61608725379386    
   27.40951351922908    
   28.17818691213655    
   28.92514815446798    
   29.65952100569787    
   30.37949705885564    
   31.07724269165889    
   31.75578673889624    
   32.42407089896518    
   33.08017566475717    
   33.71631843995810    
   34.33553068130855    
   34.94660897353776    
   35.54752215877414    
   36.13051714802711    
   36.69864414207520    
   37.26059252136926    
   37.81422155920542    
   38.35178877972115    
   38.87637938612636    
   39.39661220274033    
   39.91023834098446    
   40.40950616033373    
   40.89754964417871    
   41.38295058069172    
   41.86335102746800    
   42.33096865369004    
   42.78899815314814    
   43.24601635251489    
   43.69955486166850    
   44.14177928470687    
   44.57595747231745    
   45.01069420594590    
   45.44341011316663    
   45.86619812377702    
   46.28241273203187    
   46.70072062805887    
   47.11843101456097    
   47.52754293052980    
   47.93151096314572    
   48.33909792981001    
   48.74750026749501    
   49.14860042988090    
   49.54596655457514    
   49.94849282508476    
   50.35326131074662    
   50.75201431203915    
   51.14844822085804    
   51.55162639471146    
   51.95851556701724    
   52.36069375103710    
   52.76200205951392    
   53.17171393345218    
   53.58668013320220    
   53.99828886728436    
   54.41054399628064    
   54.83297339549519    
   55.26231145179221    
   55.68972937966242    
   56.11941403648326    
   56.56119689186983    
   57.01169654834099    
   57.46183860445382    
   57.91601638534476    
   58.38442047293655    
   58.86355591134608    
   59.34407254716223    
   59.83059759012144    
   60.33374394175215    
   60.84990727211186    
   61.36942971121659    
   61.89720476581662    
   62.44434074536266    
