  0.7496862407620930    
  0.7536674798520331    
  0.7574982201324796    
  0.7611831484434816    
  0.7647269105532296    
  0.7681340868050275    
  0.7714091891773148    
  0.7745566734323163    
  0.7775809354554581    
  0.7804862894995976    
  0.7832769573393581    
  0.7859570783048798    
  0.7885307153378655    
  0.7910018408558609    
  0.7933743212298413    
  0.7956519202499165    
  0.7978383101604489    
  0.7999370684777364    
  0.8019516643764625    
  0.8038854549826537    
  0.8057416944897126    
  0.8075235395112087    
  0.8092340425501152    
  0.8108761443383421    
  0.8124526757251802    
  0.8139663649416736    
  0.8154198396954195    
  0.8168156218263841    
  0.8181561222043493    
  0.8194436433198260    
  0.8206803869874949    
  0.8218684567147385    
  0.8230098508993693    
  0.8241064576084812    
  0.8251600614249672    
  0.8261723540620427    
  0.8271449324253473    
  0.8280792874510584    
  0.8289768039345361    
  0.8298387746158485    
  0.8306664068863056    
  0.8314608115057990    
  0.8322229935194074    
  0.8329538628655425    
  0.8336542485768437    
  0.8343248936868168    
  0.8349664408041737    
  0.8355794343786906    
  0.8361643370417464    
  0.8367215336432944    
  0.8372513182003856    
  0.8377538877624919    
  0.8382293544364132    
  0.8386777563234280    
  0.8390990515490742    
  0.8394931082484762    
  0.8398597084132110    
  0.8401985597423577    
  0.8405092981468187    
  0.8407914801012053    
  0.8410445791243633    
  0.8412679925038729    
  0.8414610489179539    
  0.8416230074791717    
  0.8417530514912281    
  0.8418502874227488    
  0.8419137520385100    
  0.8419424184244113    
  0.8419351923999935    
  0.8418909054698556    
  0.8418083171314661    
  0.8416861248669916    
  0.8415229664384395    
  0.8413174111708115    
  0.8410679565587766    
  0.8407730386004519    
  0.8404310402514696    
  0.8400402851589237    
  0.8395990303895574    
  0.8391054744933550    
  0.8385577696841398    
  0.8379540190290069    
  0.8372922666541951    
  0.8365705014754815    
  0.8357866693505620    
  0.8349386724796284    
  0.8340243587096032    
  0.8330415224973930    
  0.8319879177251311    
  0.8308612612822643    
  0.8296592254000917    
  0.8283794389145891    
  0.8270195000151170    
  0.8255769797471227    
  0.8240494119360182    
  0.8224342900191550    
  0.8207290772163697    
  0.8189312120094242    
  0.8170381039734629    
  0.8150471381844913    
  0.8129556908851856    
  0.8107611331692308    
  0.8084608157203547    
  0.8060520586661335    
  0.8035321597413005    
  0.8008984048083311    
  0.7981480725560126    
  0.7952784453642781    
  0.7922868198401584    
  0.7891704913130848    
  0.7859267249278555    
  0.7825527648252019    
  0.7790458846615915    
  0.7754034097210495    
  0.7716226746357748    
  0.7677009825032475    
  0.7636356325168921    
  0.7594239739092307    
  0.7550634037377930    
  0.7505513211471304    
  0.7458851192460799    
  0.7410622267076700    
  0.7360801299733546    
  0.7309363486015057    
  0.7256284171511679    
  0.7201539072059716    
  0.7145104500222152    
  0.7086957255802345    
  0.7027074470875638    
  0.6965433734077279    
  0.6902013282352066    
  0.6836791967624609    
  0.6769749158443256    
  0.6700864835593647    
  0.6630119752742515    
  0.6557495428596697    
  0.6482974075540275    
  0.6406538675376957    
  0.6328173115549635    
  0.6247862198322012    
  0.6165591600976249    
  0.6081347958581544    
  0.5995118997609676    
  0.5906893559868601    
  0.5816661580472969    
  0.5724414168235289    
  0.5630143729943200    
  0.5533844001678235    
  0.5435510044643103    
  0.5335138335501295    
  0.5232726895606731    
  0.5128275333880540    
  0.5021784855160258    
  0.4913258352875833    
  0.4802700536121980    
  0.4690117977953076    
  0.4575519134472770    
  0.4458914443980335    
  0.4340316456465924    
  0.4219739885795353    
  0.4097201632288490    
  0.3972720880279828    
  0.3846319223533260    
  0.3718020715772737    
  0.3587851892231004    
  0.3455841862176848    
  0.3322022425484887    
  0.3186428113060160    
  0.3049096196677011    
  0.2910066766884885    
  0.2769382832681784    
  0.2627090343159232    
  0.2483238175541945    
  0.2337878188063089    
  0.2191065292182330    
  0.2042857443803786    
  0.1893315597227689    
  0.1742503721670753    
  0.1590488835589022    
  0.1437340956219675    
  0.1283133007253419    
  0.1127940787740271    
  0.9718429588724480E-01
  0.8149209423838308E-01
  0.6572587721497097E-01
  0.4989430070313580E-01
  0.3400626639238066E-01
  0.1807090596808646E-01
  0.2097560142968473E-02
 -0.1390423599877779E-01
 -0.2992476509080512E-01
 -0.4595414879665267E-01
 -0.6198237472867667E-01
 -0.7799931665949700E-01
 -0.9399475123744346E-01
 -0.1099583838040236    
 -0.1258798802315445    
 -0.1417488914769071    
 -0.1575550732983746    
 -0.1732881146886576    
 -0.1889377727541569    
 -0.2044938996321835    
 -0.2199464628410334    
 -0.2352855737084787    
 -0.2505015227884750    
 -0.2655848066701524    
 -0.2805261461499843    
 -0.2953165116348825    
 -0.3099471563734292    
 -0.3244096406807355    
 -0.3386958451472596    
 -0.3527979899821583    
 -0.3667086635397887    
 -0.3804208420815922    
 -0.3939278959291668    
 -0.4072236001435396    
 -0.4203021562183732    
 -0.4331582063858573    
 -0.4457868319698891    
 -0.4581835539636103    
 -0.4703443464315183    
 -0.4822656449966336    
 -0.4939443377520252    
 -0.5053777557824772    
 -0.5165636782813490    
 -0.5275003360472034    
 -0.5381863960432419    
 -0.5486209421370566    
 -0.5588034722893662    
 -0.5687338993406792    
 -0.5784125326684639    
 -0.5878400508726193    
 -0.5970174906258207    
 -0.6059462452919595    
 -0.6146280469200825    
 -0.6230649345265730    
 -0.6312592364634830    
 -0.6392135683536520    
 -0.6469308182005910    
 -0.6544141124120589    
 -0.6616667911625415    
 -0.6686924051769848    
 -0.6754947074942618    
 -0.6820776229855909    
 -0.6884452191919140    
 -0.6946017005700048    
 -0.7005514065584849    
 -0.7062987870028167    
 -0.7118483694615340    
 -0.7172047487204245    
 -0.7223725908324841    
 -0.7273566194681752    
 -0.7321615849085752    
 -0.7367922480115656    
 -0.7412533862405898    
 -0.7455497908768615    
 -0.7496862407620930    
 -0.7536674798520331    
 -0.7574982201324796    
 -0.7611831484434816    
 -0.7647269105532296    
 -0.7681340868050275    
 -0.7714091891773148    
 -0.7745566734323163    
 -0.7775809354554581    
 -0.7804862894995976    
 -0.7832769573393581    
 -0.7859570783048798    
 -0.7885307153378655    
 -0.7910018408558609    
 -0.7933743212298413    
 -0.7956519202499165    
 -0.7978383101604489    
 -0.7999370684777364    
 -0.8019516643764625    
 -0.8038854549826537    
 -0.8057416944897126    
 -0.8075235395112087    
 -0.8092340425501152    
 -0.8108761443383421    
 -0.8124526757251802    
 -0.8139663649416736    
 -0.8154198396954195    
 -0.8168156218263841    
 -0.8181561222043493    
 -0.8194436433198260    
 -0.8206803869874949    
 -0.8218684567147385    
 -0.8230098508993693    
 -0.8241064576084812    
 -0.8251600614249672    
 -0.8261723540620427    
 -0.8271449324253473    
 -0.8280792874510584    
 -0.8289768039345361    
 -0.8298387746158485    
 -0.8306664068863056    
 -0.8314608115057990    
 -0.8322229935194074    
 -0.8329538628655425    
 -0.8336542485768437    
 -0.8343248936868168    
 -0.8349664408041737    
 -0.8355794343786906    
 -0.8361643370417464    
 -0.8367215336432944    
 -0.8372513182003856    
 -0.8377538877624919    
 -0.8382293544364132    
 -0.8386777563234280    
 -0.8390990515490742    
 -0.8394931082484762    
 -0.8398597084132110    
 -0.8401985597423577    
 -0.8405092981468187    
 -0.8407914801012053    
 -0.8410445791243633    
 -0.8412679925038729    
 -0.8414610489179539    
 -0.8416230074791717    
 -0.8417530514912281    
 -0.8418502874227488    
 -0.8419137520385100    
 -0.8419424184244113    
 -0.8419351923999935    
 -0.8418909054698556    
 -0.8418083171314661    
 -0.8416861248669916    
 -0.8415229664384395    
 -0.8413174111708115    
 -0.8410679565587766    
 -0.8407730386004519    
 -0.8404310402514696    
 -0.8400402851589237    
 -0.8395990303895574    
 -0.8391054744933550    
 -0.8385577696841398    
 -0.8379540190290069    
 -0.8372922666541951    
 -0.8365705014754815    
 -0.8357866693505620    
 -0.8349386724796284    
 -0.8340243587096032    
 -0.8330415224973930    
 -0.8319879177251311    
 -0.8308612612822643    
 -0.8296592254000917    
 -0.8283794389145891    
 -0.8270195000151170    
 -0.8255769797471227    
 -0.8240494119360182    
 -0.8224342900191550    
 -0.8207290772163697    
 -0.8189312120094242    
 -0.8170381039734629    
 -0.8150471381844913    
 -0.8129556908851856    
 -0.8107611331692308    
 -0.8084608157203547    
 -0.8060520586661335    
 -0.8035321597413005    
 -0.8008984048083311    
 -0.7981480725560126    
 -0.7952784453642781    
 -0.7922868198401584    
 -0.7891704913130848    
 -0.7859267249278555    
 -0.7825527648252019    
 -0.7790458846615915    
 -0.7754034097210495    
 -0.7716226746357748    
 -0.7677009825032475    
 -0.7636356325168921    
 -0.7594239739092307    
 -0.7550634037377930    
 -0.7505513211471304    
 -0.7458851192460799    
 -0.7410622267076700    
 -0.7360801299733546    
 -0.7309363486015057    
 -0.7256284171511679    
 -0.7201539072059716    
 -0.7145104500222152    
 -0.7086957255802345    
 -0.7027074470875638    
 -0.6965433734077279    
 -0.6902013282352066    
 -0.6836791967624609    
 -0.6769749158443256    
 -0.6700864835593647    
 -0.6630119752742515    
 -0.6557495428596697    
 -0.6482974075540275    
 -0.6406538675376957    
 -0.6328173115549635    
 -0.6247862198322012    
 -0.6165591600976249    
 -0.6081347958581544    
 -0.5995118997609676    
 -0.5906893559868601    
 -0.5816661580472969    
 -0.5724414168235289    
 -0.5630143729943200    
 -0.5533844001678235    
 -0.5435510044643103    
 -0.5335138335501295    
 -0.5232726895606731    
 -0.5128275333880540    
 -0.5021784855160258    
 -0.4913258352875833    
 -0.4802700536121980    
 -0.4690117977953076    
 -0.4575519134472770    
 -0.4458914443980335    
 -0.4340316456465924    
 -0.4219739885795353    
 -0.4097201632288490    
 -0.3972720880279828    
 -0.3846319223533260    
 -0.3718020715772737    
 -0.3587851892231004    
 -0.3455841862176848    
 -0.3322022425484887    
 -0.3186428113060160    
 -0.3049096196677011    
 -0.2910066766884885    
 -0.2769382832681784    
 -0.2627090343159232    
 -0.2483238175541945    
 -0.2337878188063089    
 -0.2191065292182330    
 -0.2042857443803786    
 -0.1893315597227689    
 -0.1742503721670753    
 -0.1590488835589022    
 -0.1437340956219675    
 -0.1283133007253419    
 -0.1127940787740271    
 -0.9718429588724480E-01
 -0.8149209423838308E-01
 -0.6572587721497097E-01
 -0.4989430070313580E-01
 -0.3400626639238066E-01
 -0.1807090596808646E-01
 -0.2097560142968473E-02
  0.1390423599877779E-01
  0.2992476509080512E-01
  0.4595414879665267E-01
  0.6198237472867667E-01
  0.7799931665949700E-01
  0.9399475123744346E-01
  0.1099583838040236    
  0.1258798802315445    
  0.1417488914769071    
  0.1575550732983746    
  0.1732881146886576    
  0.1889377727541569    
  0.2044938996321835    
  0.2199464628410334    
  0.2352855737084787    
  0.2505015227884750    
  0.2655848066701524    
  0.2805261461499843    
  0.2953165116348825    
  0.3099471563734292    
  0.3244096406807355    
  0.3386958451472596    
  0.3527979899821583    
  0.3667086635397887    
  0.3804208420815922    
  0.3939278959291668    
  0.4072236001435396    
  0.4203021562183732    
  0.4331582063858573    
  0.4457868319698891    
  0.4581835539636103    
  0.4703443464315183    
  0.4822656449966336    
  0.4939443377520252    
  0.5053777557824772    
  0.5165636782813490    
  0.5275003360472034    
  0.5381863960432419    
  0.5486209421370566    
  0.5588034722893662    
  0.5687338993406792    
  0.5784125326684639    
  0.5878400508726193    
  0.5970174906258207    
  0.6059462452919595    
  0.6146280469200825    
  0.6230649345265730    
  0.6312592364634830    
  0.6392135683536520    
  0.6469308182005910    
  0.6544141124120589    
  0.6616667911625415    
  0.6686924051769848    
  0.6754947074942618    
  0.6820776229855909    
  0.6884452191919140    
  0.6946017005700048    
  0.7005514065584849    
  0.7062987870028167    
  0.7118483694615340    
  0.7172047487204245    
  0.7223725908324841    
  0.7273566194681752    
  0.7321615849085752    
  0.7367922480115656    
  0.7412533862405898    
  0.7455497908768615    
